# JRE version: Java(TM) SE Runtime Environment (8.0_11-b12) (build 1.8.0_11-b12)
# Java VM: Java HotSpot(TM) 64-Bit Server VM (25.11-b03 mixed mode windows-amd64 compressed oops)
Heap:
 PSYoungGen      total 48128K, used 42317K [0x00000000eab00000, 0x00000000ef280000, 0x0000000100000000)
  eden space 42496K, 86% used [0x00000000eab00000,0x00000000eced39f0,0x00000000ed480000)
  from space 5632K, 99% used [0x00000000ed480000,0x00000000ed9ffa38,0x00000000eda00000)
  to   space 6656K, 0% used [0x00000000eec00000,0x00000000eec00000,0x00000000ef280000)
 ParOldGen       total 64000K, used 22213K [0x00000000c0000000, 0x00000000c3e80000, 0x00000000eab00000)
  object space 64000K, 34% used [0x00000000c0000000,0x00000000c15b1548,0x00000000c3e80000)
 Metaspace       used 6827K, capacity 7326K, committed 7424K, reserved 1056768K
  class space    used 710K, capacity 721K, committed 768K, reserved 1048576K
GC Heap History (10 events):
Event: 7.914 GC heap before
{Heap before GC invocations=13 (full 0):
 PSYoungGen      total 20992K, used 18949K [0x00000000eab00000, 0x00000000ec400000, 0x0000000100000000)
  eden space 16384K, 100% used [0x00000000eab00000,0x00000000ebb00000,0x00000000ebb00000)
  from space 4608K, 55% used [0x00000000ebf80000,0x00000000ec2017d0,0x00000000ec400000)
  to   space 4608K, 0% used [0x00000000ebb00000,0x00000000ebb00000,0x00000000ebf80000)
 ParOldGen       total 64000K, used 10340K [0x00000000c0000000, 0x00000000c3e80000, 0x00000000eab00000)
  object space 64000K, 16% used [0x00000000c0000000,0x00000000c0a19218,0x00000000c3e80000)
 Metaspace       used 6712K, capacity 7320K, committed 7424K, reserved 1056768K
  class space    used 700K, capacity 720K, committed 768K, reserved 1048576K
Event: 7.917 GC heap after
Heap after GC invocations=13 (full 0):
 PSYoungGen      total 20992K, used 3231K [0x00000000eab00000, 0x00000000ecf00000, 0x0000000100000000)
  eden space 16384K, 0% used [0x00000000eab00000,0x00000000eab00000,0x00000000ebb00000)
  from space 4608K, 70% used [0x00000000ebb00000,0x00000000ebe27d08,0x00000000ebf80000)
  to   space 5120K, 0% used [0x00000000eca00000,0x00000000eca00000,0x00000000ecf00000)
 ParOldGen       total 64000K, used 10348K [0x00000000c0000000, 0x00000000c3e80000, 0x00000000eab00000)
  object space 64000K, 16% used [0x00000000c0000000,0x00000000c0a1b218,0x00000000c3e80000)
 Metaspace       used 6712K, capacity 7320K, committed 7424K, reserved 1056768K
  class space    used 700K, capacity 720K, committed 768K, reserved 1048576K
}
Event: 8.048 GC heap before
{Heap before GC invocations=14 (full 0):
 PSYoungGen      total 20992K, used 19615K [0x00000000eab00000, 0x00000000ecf00000, 0x0000000100000000)
  eden space 16384K, 100% used [0x00000000eab00000,0x00000000ebb00000,0x00000000ebb00000)
  from space 4608K, 70% used [0x00000000ebb00000,0x00000000ebe27d08,0x00000000ebf80000)
  to   space 5120K, 0% used [0x00000000eca00000,0x00000000eca00000,0x00000000ecf00000)
 ParOldGen       total 64000K, used 10348K [0x00000000c0000000, 0x00000000c3e80000, 0x00000000eab00000)
  object space 64000K, 16% used [0x00000000c0000000,0x00000000c0a1b218,0x00000000c3e80000)
 Metaspace       used 6719K, capacity 7320K, committed 7424K, reserved 1056768K
  class space    used 700K, capacity 720K, committed 768K, reserved 1048576K
Event: 8.065 GC heap after
Heap after GC invocations=14 (full 0):
 PSYoungGen      total 31744K, used 3976K [0x00000000eab00000, 0x00000000ecf00000, 0x0000000100000000)
  eden space 26624K, 0% used [0x00000000eab00000,0x00000000eab00000,0x00000000ec500000)
  from space 5120K, 77% used [0x00000000eca00000,0x00000000ecde2190,0x00000000ecf00000)
  to   space 5120K, 0% used [0x00000000ec500000,0x00000000ec500000,0x00000000eca00000)
 ParOldGen       total 64000K, used 12620K [0x00000000c0000000, 0x00000000c3e80000, 0x00000000eab00000)
  object space 64000K, 19% used [0x00000000c0000000,0x00000000c0c532e0,0x00000000c3e80000)
 Metaspace       used 6719K, capacity 7320K, committed 7424K, reserved 1056768K
  class space    used 700K, capacity 720K, committed 768K, reserved 1048576K
}
Event: 8.330 GC heap before
{Heap before GC invocations=15 (full 0):
 PSYoungGen      total 31744K, used 30450K [0x00000000eab00000, 0x00000000ecf00000, 0x0000000100000000)
  eden space 26624K, 99% used [0x00000000eab00000,0x00000000ec4da790,0x00000000ec500000)
  from space 5120K, 77% used [0x00000000eca00000,0x00000000ecde2190,0x00000000ecf00000)
  to   space 5120K, 0% used [0x00000000ec500000,0x00000000ec500000,0x00000000eca00000)
 ParOldGen       total 64000K, used 12620K [0x00000000c0000000, 0x00000000c3e80000, 0x00000000eab00000)
  object space 64000K, 19% used [0x00000000c0000000,0x00000000c0c532e0,0x00000000c3e80000)
 Metaspace       used 6721K, capacity 7320K, committed 7424K, reserved 1056768K
  class space    used 700K, capacity 720K, committed 768K, reserved 1048576K
Event: 8.336 GC heap after
Heap after GC invocations=15 (full 0):
 PSYoungGen      total 31744K, used 1128K [0x00000000eab00000, 0x00000000edf00000, 0x0000000100000000)
  eden space 26624K, 0% used [0x00000000eab00000,0x00000000eab00000,0x00000000ec500000)
  from space 5120K, 22% used [0x00000000ec500000,0x00000000ec61a048,0x00000000eca00000)
  to   space 5120K, 0% used [0x00000000eda00000,0x00000000eda00000,0x00000000edf00000)
 ParOldGen       total 64000K, used 12628K [0x00000000c0000000, 0x00000000c3e80000, 0x00000000eab00000)
  object space 64000K, 19% used [0x00000000c0000000,0x00000000c0c552e0,0x00000000c3e80000)
 Metaspace       used 6721K, capacity 7320K, committed 7424K, reserved 1056768K
  class space    used 700K, capacity 720K, committed 768K, reserved 1048576K
}
Event: 8.608 GC heap before
{Heap before GC invocations=16 (full 0):
 PSYoungGen      total 31744K, used 27752K [0x00000000eab00000, 0x00000000edf00000, 0x0000000100000000)
  eden space 26624K, 100% used [0x00000000eab00000,0x00000000ec500000,0x00000000ec500000)
  from space 5120K, 22% used [0x00000000ec500000,0x00000000ec61a048,0x00000000eca00000)
  to   space 5120K, 0% used [0x00000000eda00000,0x00000000eda00000,0x00000000edf00000)
 ParOldGen       total 64000K, used 12628K [0x00000000c0000000, 0x00000000c3e80000, 0x00000000eab00000)
  object space 64000K, 19% used [0x00000000c0000000,0x00000000c0c552e0,0x00000000c3e80000)
 Metaspace       used 6735K, capacity 7320K, committed 7424K, reserved 1056768K
  class space    used 700K, capacity 720K, committed 768K, reserved 1048576K
Event: 8.615 GC heap after
Heap after GC invocations=16 (full 0):
 PSYoungGen      total 47616K, used 4432K [0x00000000eab00000, 0x00000000ee000000, 0x0000000100000000)
  eden space 42496K, 0% used [0x00000000eab00000,0x00000000eab00000,0x00000000ed480000)
  from space 5120K, 86% used [0x00000000eda00000,0x00000000ede543e0,0x00000000edf00000)
  to   space 5632K, 0% used [0x00000000ed480000,0x00000000ed480000,0x00000000eda00000)
 ParOldGen       total 64000K, used 13740K [0x00000000c0000000, 0x00000000c3e80000, 0x00000000eab00000)
  object space 64000K, 21% used [0x00000000c0000000,0x00000000c0d6b328,0x00000000c3e80000)
 Metaspace       used 6735K, capacity 7320K, committed 7424K, reserved 1056768K
  class space    used 700K, capacity 720K, committed 768K, reserved 1048576K
}
Event: 9.026 GC heap before
{Heap before GC invocations=17 (full 0):
 PSYoungGen      total 47616K, used 46928K [0x00000000eab00000, 0x00000000ee000000, 0x0000000100000000)
  eden space 42496K, 100% used [0x00000000eab00000,0x00000000ed480000,0x00000000ed480000)
  from space 5120K, 86% used [0x00000000eda00000,0x00000000ede543e0,0x00000000edf00000)
  to   space 5632K, 0% used [0x00000000ed480000,0x00000000ed480000,0x00000000eda00000)
 ParOldGen       total 64000K, used 13740K [0x00000000c0000000, 0x00000000c3e80000, 0x00000000eab00000)
  object space 64000K, 21% used [0x00000000c0000000,0x00000000c0d6b328,0x00000000c3e80000)
 Metaspace       used 6739K, capacity 7320K, committed 7424K, reserved 1056768K
  class space    used 700K, capacity 720K, committed 768K, reserved 1048576K
Event: 9.074 GC heap after
Heap after GC invocations=17 (full 0):
 PSYoungGen      total 48128K, used 5630K [0x00000000eab00000, 0x00000000ef280000, 0x0000000100000000)
  eden space 42496K, 0% used [0x00000000eab00000,0x00000000eab00000,0x00000000ed480000)
  from space 5632K, 99% used [0x00000000ed480000,0x00000000ed9ffa38,0x00000000eda00000)
  to   space 6656K, 0% used [0x00000000eec00000,0x00000000eec00000,0x00000000ef280000)
 ParOldGen       total 64000K, used 22213K [0x00000000c0000000, 0x00000000c3e80000, 0x00000000eab00000)
  object space 64000K, 34% used [0x00000000c0000000,0x00000000c15b1548,0x00000000c3e80000)
 Metaspace       used 6739K, capacity 7320K, committed 7424K, reserved 1056768K
  class space    used 700K, capacity 720K, committed 768K, reserved 1048576K
}

